<?xml version="1.0" encoding="UTF-8"?>
<!-- Generated by org.testng.reporters.JUnitReportReporter -->
<testsuite hostname="DESKTOP-PNIJDNB" failures="0" tests="1" name="com.simplilearn.demo.AutomaticAnnotationDemo" time="0.023" errors="0" timestamp="2022-05-18T19:57:03 IST" skipped="0">
  <testcase classname="com.simplilearn.demo.AutomaticAnnotationDemo" name="Hello" time="0.023"/>
  <system-out/>
</testsuite> <!-- com.simplilearn.demo.AutomaticAnnotationDemo -->
