<?xml version="1.0" encoding="UTF-8"?>
<!-- Generated by org.testng.reporters.JUnitReportReporter -->
<testsuite hostname="DESKTOP-PNIJDNB" failures="0" tests="2" name="com.simplilearn.demo.AsserionDemo" time="9.921" errors="0" timestamp="2022-05-18T21:10:19 IST" skipped="0">
  <testcase classname="com.simplilearn.demo.AsserionDemo" name="login" time="4.057"/>
  <system-out/>
  <testcase classname="com.simplilearn.demo.AsserionDemo" name="titleTest" time="5.864"/>
  <system-out/>
</testsuite> <!-- com.simplilearn.demo.AsserionDemo -->
