<?xml version="1.0" encoding="UTF-8"?>
<!-- Generated by org.testng.reporters.JUnitReportReporter -->
<testsuite hostname="DESKTOP-PNIJDNB" failures="0" tests="2" name="com.simplilearn.demo.FirstDemo" time="0.032" errors="0" timestamp="2022-05-18T19:53:59 IST" skipped="0">
  <testcase classname="com.simplilearn.demo.FirstDemo" name="Hello" time="0.020"/>
  <system-out/>
  <testcase classname="com.simplilearn.demo.FirstDemo" name="Hello1" time="0.012"/>
  <system-out/>
</testsuite> <!-- com.simplilearn.demo.FirstDemo -->
